<?xml version="1.0" encoding="UTF-8"?>
<!-- Generated by org.testng.reporters.JUnitXMLReporter -->
<testsuite hostname="BDC7-L-5384TY5" ignored="0" name="TestVagrant" tests="3" failures="0" timestamp="20 May 2018 07:17:47 GMT" time="70.176" errors="0">
  <testcase name="testThatResultsAppearForAOneWayJourney" time="13.657" classname="com.testvagrant.FlightBookingTest"/>
  <testcase name="shouldBeAbleToSearchForHotels" time="16.069" classname="com.testvagrant.HotelBookingTest"/>
  <testcase name="shouldThrowAnErrorIfSignInDetailsAreMissing" time="13.42" classname="com.testvagrant.SignInTest"/>
</testsuite> <!-- TestVagrant -->
