<?xml version="1.0" encoding="UTF-8"?>
<testng-results skipped="0" failed="0" ignored="0" total="3" passed="3">
  <reporter-output>
  </reporter-output>
  <suite name="Test Suite" duration-ms="70176" started-at="2018-05-20T07:16:37Z" finished-at="2018-05-20T07:17:47Z">
    <groups>
    </groups>
    <test name="TestVagrant" duration-ms="70176" started-at="2018-05-20T07:16:37Z" finished-at="2018-05-20T07:17:47Z">
      <class name="com.testvagrant.SignInTest">
        <test-method status="PASS" signature="setUp()[pri:0, instance:com.testvagrant.SignInTest@6767c1fc]" name="setUp" is-config="true" duration-ms="6150" started-at="2018-05-20T12:47:26Z" finished-at="2018-05-20T12:47:32Z">
          <reporter-output>
          </reporter-output>
        </test-method> <!-- setUp -->
        <test-method status="PASS" signature="captureClassName(java.lang.reflect.Method)[pri:0, instance:com.testvagrant.SignInTest@6767c1fc]" name="captureClassName" is-config="true" duration-ms="1" started-at="2018-05-20T12:47:32Z" finished-at="2018-05-20T12:47:32Z">
          <params>
            <param index="0">
              <value>
                <![CDATA[public void com.testvagrant.SignInTest.shouldThrowAnErrorIfSignInDetailsAreMissing() throws java.io.IOException]]>
              </value>
            </param>
          </params>
          <reporter-output>
          </reporter-output>
        </test-method> <!-- captureClassName -->
        <test-method status="PASS" signature="shouldThrowAnErrorIfSignInDetailsAreMissing()[pri:0, instance:com.testvagrant.SignInTest@6767c1fc]" name="shouldThrowAnErrorIfSignInDetailsAreMissing" duration-ms="13420" started-at="2018-05-20T12:47:32Z" finished-at="2018-05-20T12:47:45Z">
          <reporter-output>
          </reporter-output>
        </test-method> <!-- shouldThrowAnErrorIfSignInDetailsAreMissing -->
        <test-method status="PASS" signature="closeApp(org.testng.ITestResult, java.lang.reflect.Method)[pri:0, instance:com.testvagrant.SignInTest@6767c1fc]" name="closeApp" is-config="true" duration-ms="0" started-at="2018-05-20T12:47:45Z" finished-at="2018-05-20T12:47:45Z">
          <params>
            <param index="0">
              <value>
                <![CDATA[[TestResult name=shouldThrowAnErrorIfSignInDetailsAreMissing status=SUCCESS method=SignInTest.shouldThrowAnErrorIfSignInDetailsAreMissing()[pri:0, instance:com.testvagrant.SignInTest@6767c1fc] output={null}]]]>
              </value>
            </param>
            <param index="1">
              <value>
                <![CDATA[public void com.testvagrant.SignInTest.shouldThrowAnErrorIfSignInDetailsAreMissing() throws java.io.IOException]]>
              </value>
            </param>
          </params>
          <reporter-output>
          </reporter-output>
        </test-method> <!-- closeApp -->
        <test-method status="PASS" signature="cleanDrivers()[pri:0, instance:com.testvagrant.SignInTest@6767c1fc]" name="cleanDrivers" is-config="true" duration-ms="2064" started-at="2018-05-20T12:47:45Z" finished-at="2018-05-20T12:47:47Z">
          <reporter-output>
          </reporter-output>
        </test-method> <!-- cleanDrivers -->
      </class> <!-- com.testvagrant.SignInTest -->
      <class name="com.testvagrant.HotelBookingTest">
        <test-method status="PASS" signature="setUp()[pri:0, instance:com.testvagrant.HotelBookingTest@4678c730]" name="setUp" is-config="true" duration-ms="5845" started-at="2018-05-20T12:47:01Z" finished-at="2018-05-20T12:47:07Z">
          <reporter-output>
          </reporter-output>
        </test-method> <!-- setUp -->
        <test-method status="PASS" signature="captureClassName(java.lang.reflect.Method)[pri:0, instance:com.testvagrant.HotelBookingTest@4678c730]" name="captureClassName" is-config="true" duration-ms="1" started-at="2018-05-20T12:47:07Z" finished-at="2018-05-20T12:47:07Z">
          <params>
            <param index="0">
              <value>
                <![CDATA[public void com.testvagrant.HotelBookingTest.shouldBeAbleToSearchForHotels() throws java.io.IOException]]>
              </value>
            </param>
          </params>
          <reporter-output>
          </reporter-output>
        </test-method> <!-- captureClassName -->
        <test-method status="PASS" signature="shouldBeAbleToSearchForHotels()[pri:0, instance:com.testvagrant.HotelBookingTest@4678c730]" name="shouldBeAbleToSearchForHotels" duration-ms="16069" started-at="2018-05-20T12:47:07Z" finished-at="2018-05-20T12:47:23Z">
          <reporter-output>
          </reporter-output>
        </test-method> <!-- shouldBeAbleToSearchForHotels -->
        <test-method status="PASS" signature="cleanDrivers()[pri:0, instance:com.testvagrant.HotelBookingTest@4678c730]" name="cleanDrivers" is-config="true" duration-ms="2294" started-at="2018-05-20T12:47:23Z" finished-at="2018-05-20T12:47:26Z">
          <reporter-output>
          </reporter-output>
        </test-method> <!-- cleanDrivers -->
        <test-method status="PASS" signature="closeApp(org.testng.ITestResult, java.lang.reflect.Method)[pri:0, instance:com.testvagrant.HotelBookingTest@4678c730]" name="closeApp" is-config="true" duration-ms="0" started-at="2018-05-20T12:47:23Z" finished-at="2018-05-20T12:47:23Z">
          <params>
            <param index="0">
              <value>
                <![CDATA[[TestResult name=shouldBeAbleToSearchForHotels status=SUCCESS method=HotelBookingTest.shouldBeAbleToSearchForHotels()[pri:0, instance:com.testvagrant.HotelBookingTest@4678c730] output={null}]]]>
              </value>
            </param>
            <param index="1">
              <value>
                <![CDATA[public void com.testvagrant.HotelBookingTest.shouldBeAbleToSearchForHotels() throws java.io.IOException]]>
              </value>
            </param>
          </params>
          <reporter-output>
          </reporter-output>
        </test-method> <!-- closeApp -->
      </class> <!-- com.testvagrant.HotelBookingTest -->
      <class name="com.testvagrant.FlightBookingTest">
        <test-method status="PASS" signature="setUp()[pri:0, instance:com.testvagrant.FlightBookingTest@724af044]" name="setUp" is-config="true" duration-ms="8356" started-at="2018-05-20T12:46:37Z" finished-at="2018-05-20T12:46:45Z">
          <reporter-output>
          </reporter-output>
        </test-method> <!-- setUp -->
        <test-method status="PASS" signature="captureClassName(java.lang.reflect.Method)[pri:0, instance:com.testvagrant.FlightBookingTest@724af044]" name="captureClassName" is-config="true" duration-ms="1" started-at="2018-05-20T12:46:45Z" finished-at="2018-05-20T12:46:45Z">
          <params>
            <param index="0">
              <value>
                <![CDATA[public void com.testvagrant.FlightBookingTest.testThatResultsAppearForAOneWayJourney() throws java.io.IOException]]>
              </value>
            </param>
          </params>
          <reporter-output>
          </reporter-output>
        </test-method> <!-- captureClassName -->
        <test-method status="PASS" signature="testThatResultsAppearForAOneWayJourney()[pri:0, instance:com.testvagrant.FlightBookingTest@724af044]" name="testThatResultsAppearForAOneWayJourney" duration-ms="13657" started-at="2018-05-20T12:46:45Z" finished-at="2018-05-20T12:46:59Z">
          <reporter-output>
          </reporter-output>
        </test-method> <!-- testThatResultsAppearForAOneWayJourney -->
        <test-method status="PASS" signature="closeApp(org.testng.ITestResult, java.lang.reflect.Method)[pri:0, instance:com.testvagrant.FlightBookingTest@724af044]" name="closeApp" is-config="true" duration-ms="0" started-at="2018-05-20T12:46:59Z" finished-at="2018-05-20T12:46:59Z">
          <params>
            <param index="0">
              <value>
                <![CDATA[[TestResult name=testThatResultsAppearForAOneWayJourney status=SUCCESS method=FlightBookingTest.testThatResultsAppearForAOneWayJourney()[pri:0, instance:com.testvagrant.FlightBookingTest@724af044] output={null}]]]>
              </value>
            </param>
            <param index="1">
              <value>
                <![CDATA[public void com.testvagrant.FlightBookingTest.testThatResultsAppearForAOneWayJourney() throws java.io.IOException]]>
              </value>
            </param>
          </params>
          <reporter-output>
          </reporter-output>
        </test-method> <!-- closeApp -->
        <test-method status="PASS" signature="cleanDrivers()[pri:0, instance:com.testvagrant.FlightBookingTest@724af044]" name="cleanDrivers" is-config="true" duration-ms="2255" started-at="2018-05-20T12:46:59Z" finished-at="2018-05-20T12:47:01Z">
          <reporter-output>
          </reporter-output>
        </test-method> <!-- cleanDrivers -->
      </class> <!-- com.testvagrant.FlightBookingTest -->
    </test> <!-- TestVagrant -->
  </suite> <!-- Test Suite -->
</testng-results>
